  CalculatorUnitTest.cpp
D:\forstudy\software_engineering\Repos\Calculator\1itang\Calculator\CalculatorUnitTest\CalculatorUnitTest.cpp(15,4): error C2065: “Calculator”: 未声明的标识符
D:\forstudy\software_engineering\Repos\Calculator\1itang\Calculator\CalculatorUnitTest\CalculatorUnitTest.cpp(15,16): error C2065: “calc”: 未声明的标识符
D:\forstudy\software_engineering\Repos\Calculator\1itang\Calculator\CalculatorUnitTest\CalculatorUnitTest.cpp(15,1): error C2061: 语法错误: 标识符“Calculator”
D:\forstudy\software_engineering\Repos\Calculator\1itang\Calculator\CalculatorUnitTest\CalculatorUnitTest.cpp(16,4): error C2065: “string”: 未声明的标识符
D:\forstudy\software_engineering\Repos\Calculator\1itang\Calculator\CalculatorUnitTest\CalculatorUnitTest.cpp(17,21): error C2065: “ret”: 未声明的标识符
D:\forstudy\software_engineering\Repos\Calculator\1itang\Calculator\CalculatorUnitTest\CalculatorUnitTest.cpp(17,27): error C2065: “string”: 未声明的标识符
D:\forstudy\software_engineering\Repos\Calculator\1itang\Calculator\CalculatorUnitTest\CalculatorUnitTest.cpp(17,34): error C2143: 语法错误: 缺少“)”(在“字符串”的前面)
D:\forstudy\software_engineering\Repos\Calculator\1itang\Calculator\CalculatorUnitTest\CalculatorUnitTest.cpp(17,34): error C2143: 语法错误: 缺少“;”(在“字符串”的前面)
D:\forstudy\software_engineering\Repos\Calculator\1itang\Calculator\CalculatorUnitTest\CalculatorUnitTest.cpp(17,1): error C2059: 语法错误:“)”
